<?xml version="1.0" encoding="UTF-8"?>
<testng-results ignored="0" total="1" passed="1" failed="0" skipped="0">
  <reporter-output>
  </reporter-output>
  <suite started-at="2023-06-19T09:56:00 CDT" name="Default suite" finished-at="2023-06-19T09:56:07 CDT" duration-ms="6798">
    <groups>
    </groups>
    <test started-at="2023-06-19T09:56:00 CDT" name="Default test" finished-at="2023-06-19T09:56:07 CDT" duration-ms="6798">
      <class name="variousConcepts.LearnTestNG">
        <test-method is-config="true" signature="readConfig()[pri:0, instance:variousConcepts.LearnTestNG@221a3fa4]" started-at="2023-06-19T09:56:00 CDT" name="readConfig" finished-at="2023-06-19T09:56:00 CDT" duration-ms="10" status="PASS">
          <reporter-output>
          </reporter-output>
        </test-method> <!-- readConfig -->
        <test-method is-config="true" signature="init()[pri:0, instance:variousConcepts.LearnTestNG@221a3fa4]" started-at="2023-06-19T09:56:00 CDT" name="init" finished-at="2023-06-19T09:56:03 CDT" duration-ms="3140" status="PASS">
          <reporter-output>
          </reporter-output>
        </test-method> <!-- init -->
        <test-method signature="addCust()[pri:0, instance:variousConcepts.LearnTestNG@221a3fa4]" started-at="2023-06-19T09:56:03 CDT" name="addCust" finished-at="2023-06-19T09:56:07 CDT" duration-ms="3610" status="PASS">
          <reporter-output>
          </reporter-output>
        </test-method> <!-- addCust -->
      </class> <!-- variousConcepts.LearnTestNG -->
    </test> <!-- Default test -->
  </suite> <!-- Default suite -->
</testng-results>
